# JRE version: OpenJDK Runtime Environment Temurin-17.0.11+9 (17.0.11+9) (build 17.0.11+9)
# Java VM: OpenJDK 64-Bit Server VM Temurin-17.0.11+9 (17.0.11+9, mixed mode, tiered, compressed oops, compressed class ptrs, parallel gc, windows-amd64)
GC Precious Log:
 CPUs: 4 total, 4 available
 Memory: 8052M
 Large Page Support: Disabled
 NUMA Support: Disabled
 Compressed Oops: Enabled (32-bit)
 Alignments: Space 512K, Generation 512K, Heap 2M
 Heap Min Capacity: 100M
 Heap Initial Capacity: 100M
 Heap Max Capacity: 1G
 Pre-touch: Disabled
 Parallel Workers: 4
Heap:
 PSYoungGen      total 6656K, used 3948K [0x00000000eab00000, 0x00000000eb600000, 0x0000000100000000)
  eden space 2560K, 0% used [0x00000000eab00000,0x00000000eab00000,0x00000000ead80000)
  from space 4096K, 96% used [0x00000000eb200000,0x00000000eb5db238,0x00000000eb600000)
  to   space 4096K, 0% used [0x00000000eae00000,0x00000000eae00000,0x00000000eb200000)
 ParOldGen       total 118784K, used 117942K [0x00000000c0000000, 0x00000000c7400000, 0x00000000eab00000)
  object space 118784K, 99% used [0x00000000c0000000,0x00000000c732db08,0x00000000c7400000)
 Metaspace       used 73011K, committed 74368K, reserved 1179648K
  class space    used 7707K, committed 8256K, reserved 1048576K
GC Heap History (20 events):
Event: 70.470 GC heap after
{Heap after GC invocations=97 (full 5):
 PSYoungGen      total 6656K, used 4085K [0x00000000eab00000, 0x00000000eb680000, 0x0000000100000000)
  eden space 2560K, 0% used [0x00000000eab00000,0x00000000eab00000,0x00000000ead80000)
  from space 4096K, 99% used [0x00000000ead80000,0x00000000eb17d648,0x00000000eb180000)
  to   space 4608K, 0% used [0x00000000eb200000,0x00000000eb200000,0x00000000eb680000)
 ParOldGen       total 118784K, used 115421K [0x00000000c0000000, 0x00000000c7400000, 0x00000000eab00000)
  object space 118784K, 97% used [0x00000000c0000000,0x00000000c70b77c0,0x00000000c7400000)
 Metaspace       used 72631K, committed 73920K, reserved 1179648K
  class space    used 7648K, committed 8192K, reserved 1048576K
}
Event: 70.561 GC heap before
{Heap before GC invocations=98 (full 5):
 PSYoungGen      total 6656K, used 6645K [0x00000000eab00000, 0x00000000eb680000, 0x0000000100000000)
  eden space 2560K, 100% used [0x00000000eab00000,0x00000000ead80000,0x00000000ead80000)
  from space 4096K, 99% used [0x00000000ead80000,0x00000000eb17d648,0x00000000eb180000)
  to   space 4608K, 0% used [0x00000000eb200000,0x00000000eb200000,0x00000000eb680000)
 ParOldGen       total 118784K, used 115421K [0x00000000c0000000, 0x00000000c7400000, 0x00000000eab00000)
  object space 118784K, 97% used [0x00000000c0000000,0x00000000c70b77c0,0x00000000c7400000)
 Metaspace       used 72731K, committed 74048K, reserved 1179648K
  class space    used 7661K, committed 8256K, reserved 1048576K
}
Event: 70.566 GC heap after
{Heap after GC invocations=98 (full 5):
 PSYoungGen      total 5120K, used 2242K [0x00000000eab00000, 0x00000000eb480000, 0x0000000100000000)
  eden space 2560K, 0% used [0x00000000eab00000,0x00000000eab00000,0x00000000ead80000)
  from space 2560K, 87% used [0x00000000eb200000,0x00000000eb4308e8,0x00000000eb480000)
  to   space 3072K, 0% used [0x00000000eae80000,0x00000000eae80000,0x00000000eb180000)
 ParOldGen       total 118784K, used 115844K [0x00000000c0000000, 0x00000000c7400000, 0x00000000eab00000)
  object space 118784K, 97% used [0x00000000c0000000,0x00000000c7121088,0x00000000c7400000)
 Metaspace       used 72731K, committed 74048K, reserved 1179648K
  class space    used 7661K, committed 8256K, reserved 1048576K
}
Event: 70.643 GC heap before
{Heap before GC invocations=99 (full 5):
 PSYoungGen      total 5120K, used 4802K [0x00000000eab00000, 0x00000000eb480000, 0x0000000100000000)
  eden space 2560K, 100% used [0x00000000eab00000,0x00000000ead80000,0x00000000ead80000)
  from space 2560K, 87% used [0x00000000eb200000,0x00000000eb4308e8,0x00000000eb480000)
  to   space 3072K, 0% used [0x00000000eae80000,0x00000000eae80000,0x00000000eb180000)
 ParOldGen       total 118784K, used 115844K [0x00000000c0000000, 0x00000000c7400000, 0x00000000eab00000)
  object space 118784K, 97% used [0x00000000c0000000,0x00000000c7121088,0x00000000c7400000)
 Metaspace       used 72798K, committed 74112K, reserved 1179648K
  class space    used 7678K, committed 8256K, reserved 1048576K
}
Event: 70.647 GC heap after
{Heap after GC invocations=99 (full 5):
 PSYoungGen      total 5632K, used 2939K [0x00000000eab00000, 0x00000000eb480000, 0x0000000100000000)
  eden space 2560K, 0% used [0x00000000eab00000,0x00000000eab00000,0x00000000ead80000)
  from space 3072K, 95% used [0x00000000eae80000,0x00000000eb15ec38,0x00000000eb180000)
  to   space 3072K, 0% used [0x00000000eb180000,0x00000000eb180000,0x00000000eb480000)
 ParOldGen       total 118784K, used 115844K [0x00000000c0000000, 0x00000000c7400000, 0x00000000eab00000)
  object space 118784K, 97% used [0x00000000c0000000,0x00000000c7121088,0x00000000c7400000)
 Metaspace       used 72798K, committed 74112K, reserved 1179648K
  class space    used 7678K, committed 8256K, reserved 1048576K
}
Event: 70.708 GC heap before
{Heap before GC invocations=100 (full 5):
 PSYoungGen      total 5632K, used 5499K [0x00000000eab00000, 0x00000000eb480000, 0x0000000100000000)
  eden space 2560K, 100% used [0x00000000eab00000,0x00000000ead80000,0x00000000ead80000)
  from space 3072K, 95% used [0x00000000eae80000,0x00000000eb15ec38,0x00000000eb180000)
  to   space 3072K, 0% used [0x00000000eb180000,0x00000000eb180000,0x00000000eb480000)
 ParOldGen       total 118784K, used 115844K [0x00000000c0000000, 0x00000000c7400000, 0x00000000eab00000)
  object space 118784K, 97% used [0x00000000c0000000,0x00000000c7121088,0x00000000c7400000)
 Metaspace       used 72866K, committed 74176K, reserved 1179648K
  class space    used 7686K, committed 8256K, reserved 1048576K
}
Event: 70.711 GC heap after
{Heap after GC invocations=100 (full 5):
 PSYoungGen      total 5632K, used 3059K [0x00000000eab00000, 0x00000000eb480000, 0x0000000100000000)
  eden space 2560K, 0% used [0x00000000eab00000,0x00000000eab00000,0x00000000ead80000)
  from space 3072K, 99% used [0x00000000eb180000,0x00000000eb47cf90,0x00000000eb480000)
  to   space 3584K, 0% used [0x00000000ead80000,0x00000000ead80000,0x00000000eb100000)
 ParOldGen       total 118784K, used 115844K [0x00000000c0000000, 0x00000000c7400000, 0x00000000eab00000)
  object space 118784K, 97% used [0x00000000c0000000,0x00000000c7121088,0x00000000c7400000)
 Metaspace       used 72866K, committed 74176K, reserved 1179648K
  class space    used 7686K, committed 8256K, reserved 1048576K
}
Event: 70.746 GC heap before
{Heap before GC invocations=101 (full 5):
 PSYoungGen      total 5632K, used 5619K [0x00000000eab00000, 0x00000000eb480000, 0x0000000100000000)
  eden space 2560K, 100% used [0x00000000eab00000,0x00000000ead80000,0x00000000ead80000)
  from space 3072K, 99% used [0x00000000eb180000,0x00000000eb47cf90,0x00000000eb480000)
  to   space 3584K, 0% used [0x00000000ead80000,0x00000000ead80000,0x00000000eb100000)
 ParOldGen       total 118784K, used 115844K [0x00000000c0000000, 0x00000000c7400000, 0x00000000eab00000)
  object space 118784K, 97% used [0x00000000c0000000,0x00000000c7121088,0x00000000c7400000)
 Metaspace       used 72905K, committed 74240K, reserved 1179648K
  class space    used 7693K, committed 8256K, reserved 1048576K
}
Event: 70.750 GC heap after
{Heap after GC invocations=101 (full 5):
 PSYoungGen      total 6144K, used 3428K [0x00000000eab00000, 0x00000000eb480000, 0x0000000100000000)
  eden space 2560K, 0% used [0x00000000eab00000,0x00000000eab00000,0x00000000ead80000)
  from space 3584K, 95% used [0x00000000ead80000,0x00000000eb0d9030,0x00000000eb100000)
  to   space 3584K, 0% used [0x00000000eb100000,0x00000000eb100000,0x00000000eb480000)
 ParOldGen       total 118784K, used 115852K [0x00000000c0000000, 0x00000000c7400000, 0x00000000eab00000)
  object space 118784K, 97% used [0x00000000c0000000,0x00000000c7123088,0x00000000c7400000)
 Metaspace       used 72905K, committed 74240K, reserved 1179648K
  class space    used 7693K, committed 8256K, reserved 1048576K
}
Event: 70.834 GC heap before
{Heap before GC invocations=102 (full 5):
 PSYoungGen      total 6144K, used 5988K [0x00000000eab00000, 0x00000000eb480000, 0x0000000100000000)
  eden space 2560K, 100% used [0x00000000eab00000,0x00000000ead80000,0x00000000ead80000)
  from space 3584K, 95% used [0x00000000ead80000,0x00000000eb0d9030,0x00000000eb100000)
  to   space 3584K, 0% used [0x00000000eb100000,0x00000000eb100000,0x00000000eb480000)
 ParOldGen       total 118784K, used 115852K [0x00000000c0000000, 0x00000000c7400000, 0x00000000eab00000)
  object space 118784K, 97% used [0x00000000c0000000,0x00000000c7123088,0x00000000c7400000)
 Metaspace       used 72983K, committed 74304K, reserved 1179648K
  class space    used 7704K, committed 8256K, reserved 1048576K
}
Event: 70.840 GC heap after
{Heap after GC invocations=102 (full 5):
 PSYoungGen      total 6144K, used 3539K [0x00000000eab00000, 0x00000000eb480000, 0x0000000100000000)
  eden space 2560K, 0% used [0x00000000eab00000,0x00000000eab00000,0x00000000ead80000)
  from space 3584K, 98% used [0x00000000eb100000,0x00000000eb474d38,0x00000000eb480000)
  to   space 3584K, 0% used [0x00000000ead80000,0x00000000ead80000,0x00000000eb100000)
 ParOldGen       total 118784K, used 115852K [0x00000000c0000000, 0x00000000c7400000, 0x00000000eab00000)
  object space 118784K, 97% used [0x00000000c0000000,0x00000000c7123088,0x00000000c7400000)
 Metaspace       used 72983K, committed 74304K, reserved 1179648K
  class space    used 7704K, committed 8256K, reserved 1048576K
}
Event: 70.894 GC heap before
{Heap before GC invocations=103 (full 5):
 PSYoungGen      total 6144K, used 6097K [0x00000000eab00000, 0x00000000eb480000, 0x0000000100000000)
  eden space 2560K, 99% used [0x00000000eab00000,0x00000000ead7f808,0x00000000ead80000)
  from space 3584K, 98% used [0x00000000eb100000,0x00000000eb474d38,0x00000000eb480000)
  to   space 3584K, 0% used [0x00000000ead80000,0x00000000ead80000,0x00000000eb100000)
 ParOldGen       total 118784K, used 115852K [0x00000000c0000000, 0x00000000c7400000, 0x00000000eab00000)
  object space 118784K, 97% used [0x00000000c0000000,0x00000000c7123088,0x00000000c7400000)
 Metaspace       used 73011K, committed 74368K, reserved 1179648K
  class space    used 7707K, committed 8256K, reserved 1048576K
}
Event: 70.899 GC heap after
{Heap after GC invocations=103 (full 5):
 PSYoungGen      total 6144K, used 3569K [0x00000000eab00000, 0x00000000eb680000, 0x0000000100000000)
  eden space 2560K, 0% used [0x00000000eab00000,0x00000000eab00000,0x00000000ead80000)
  from space 3584K, 99% used [0x00000000ead80000,0x00000000eb0fc410,0x00000000eb100000)
  to   space 4608K, 0% used [0x00000000eb200000,0x00000000eb200000,0x00000000eb680000)
 ParOldGen       total 118784K, used 116294K [0x00000000c0000000, 0x00000000c7400000, 0x00000000eab00000)
  object space 118784K, 97% used [0x00000000c0000000,0x00000000c7191ba8,0x00000000c7400000)
 Metaspace       used 73011K, committed 74368K, reserved 1179648K
  class space    used 7707K, committed 8256K, reserved 1048576K
}
Event: 71.010 GC heap before
{Heap before GC invocations=104 (full 5):
 PSYoungGen      total 6144K, used 6129K [0x00000000eab00000, 0x00000000eb680000, 0x0000000100000000)
  eden space 2560K, 100% used [0x00000000eab00000,0x00000000ead80000,0x00000000ead80000)
  from space 3584K, 99% used [0x00000000ead80000,0x00000000eb0fc410,0x00000000eb100000)
  to   space 4608K, 0% used [0x00000000eb200000,0x00000000eb200000,0x00000000eb680000)
 ParOldGen       total 118784K, used 116294K [0x00000000c0000000, 0x00000000c7400000, 0x00000000eab00000)
  object space 118784K, 97% used [0x00000000c0000000,0x00000000c7191ba8,0x00000000c7400000)
 Metaspace       used 73011K, committed 74368K, reserved 1179648K
  class space    used 7707K, committed 8256K, reserved 1048576K
}
Event: 71.015 GC heap after
{Heap after GC invocations=104 (full 5):
 PSYoungGen      total 6656K, used 3801K [0x00000000eab00000, 0x00000000eb600000, 0x0000000100000000)
  eden space 2560K, 0% used [0x00000000eab00000,0x00000000eab00000,0x00000000ead80000)
  from space 4096K, 92% used [0x00000000eb200000,0x00000000eb5b66a8,0x00000000eb600000)
  to   space 4096K, 0% used [0x00000000eae00000,0x00000000eae00000,0x00000000eb200000)
 ParOldGen       total 118784K, used 116983K [0x00000000c0000000, 0x00000000c7400000, 0x00000000eab00000)
  object space 118784K, 98% used [0x00000000c0000000,0x00000000c723de70,0x00000000c7400000)
 Metaspace       used 73011K, committed 74368K, reserved 1179648K
  class space    used 7707K, committed 8256K, reserved 1048576K
}
Event: 71.074 GC heap before
{Heap before GC invocations=105 (full 5):
 PSYoungGen      total 6656K, used 6361K [0x00000000eab00000, 0x00000000eb600000, 0x0000000100000000)
  eden space 2560K, 100% used [0x00000000eab00000,0x00000000ead80000,0x00000000ead80000)
  from space 4096K, 92% used [0x00000000eb200000,0x00000000eb5b66a8,0x00000000eb600000)
  to   space 4096K, 0% used [0x00000000eae00000,0x00000000eae00000,0x00000000eb200000)
 ParOldGen       total 118784K, used 116983K [0x00000000c0000000, 0x00000000c7400000, 0x00000000eab00000)
  object space 118784K, 98% used [0x00000000c0000000,0x00000000c723de70,0x00000000c7400000)
 Metaspace       used 73011K, committed 74368K, reserved 1179648K
  class space    used 7707K, committed 8256K, reserved 1048576K
}
Event: 71.078 GC heap after
{Heap after GC invocations=105 (full 5):
 PSYoungGen      total 6656K, used 4094K [0x00000000eab00000, 0x00000000eb680000, 0x0000000100000000)
  eden space 2560K, 0% used [0x00000000eab00000,0x00000000eab00000,0x00000000ead80000)
  from space 4096K, 99% used [0x00000000eae00000,0x00000000eb1ffa58,0x00000000eb200000)
  to   space 4608K, 0% used [0x00000000eb200000,0x00000000eb200000,0x00000000eb680000)
 ParOldGen       total 118784K, used 117143K [0x00000000c0000000, 0x00000000c7400000, 0x00000000eab00000)
  object space 118784K, 98% used [0x00000000c0000000,0x00000000c7265e70,0x00000000c7400000)
 Metaspace       used 73011K, committed 74368K, reserved 1179648K
  class space    used 7707K, committed 8256K, reserved 1048576K
}
Event: 71.118 GC heap before
{Heap before GC invocations=106 (full 5):
 PSYoungGen      total 6656K, used 6654K [0x00000000eab00000, 0x00000000eb680000, 0x0000000100000000)
  eden space 2560K, 100% used [0x00000000eab00000,0x00000000ead80000,0x00000000ead80000)
  from space 4096K, 99% used [0x00000000eae00000,0x00000000eb1ffa58,0x00000000eb200000)
  to   space 4608K, 0% used [0x00000000eb200000,0x00000000eb200000,0x00000000eb680000)
 ParOldGen       total 118784K, used 117143K [0x00000000c0000000, 0x00000000c7400000, 0x00000000eab00000)
  object space 118784K, 98% used [0x00000000c0000000,0x00000000c7265e70,0x00000000c7400000)
 Metaspace       used 73011K, committed 74368K, reserved 1179648K
  class space    used 7707K, committed 8256K, reserved 1048576K
}
Event: 71.123 GC heap after
{Heap after GC invocations=106 (full 5):
 PSYoungGen      total 6656K, used 3948K [0x00000000eab00000, 0x00000000eb600000, 0x0000000100000000)
  eden space 2560K, 0% used [0x00000000eab00000,0x00000000eab00000,0x00000000ead80000)
  from space 4096K, 96% used [0x00000000eb200000,0x00000000eb5db238,0x00000000eb600000)
  to   space 4096K, 0% used [0x00000000eae00000,0x00000000eae00000,0x00000000eb200000)
 ParOldGen       total 118784K, used 117942K [0x00000000c0000000, 0x00000000c7400000, 0x00000000eab00000)
  object space 118784K, 99% used [0x00000000c0000000,0x00000000c732db08,0x00000000c7400000)
 Metaspace       used 73011K, committed 74368K, reserved 1179648K
  class space    used 7707K, committed 8256K, reserved 1048576K
}
Event: 71.123 GC heap before
{Heap before GC invocations=107 (full 6):
 PSYoungGen      total 6656K, used 3948K [0x00000000eab00000, 0x00000000eb600000, 0x0000000100000000)
  eden space 2560K, 0% used [0x00000000eab00000,0x00000000eab00000,0x00000000ead80000)
  from space 4096K, 96% used [0x00000000eb200000,0x00000000eb5db238,0x00000000eb600000)
  to   space 4096K, 0% used [0x00000000eae00000,0x00000000eae00000,0x00000000eb200000)
 ParOldGen       total 118784K, used 117942K [0x00000000c0000000, 0x00000000c7400000, 0x00000000eab00000)
  object space 118784K, 99% used [0x00000000c0000000,0x00000000c732db08,0x00000000c7400000)
 Metaspace       used 73011K, committed 74368K, reserved 1179648K
  class space    used 7707K, committed 8256K, reserved 1048576K
}

